{
"/Users/shiying/yeoman-test/yeoman-node/lib/index.js":{"path":"/Users/shiying/yeoman-test/yeoman-node/lib/index.js","s":{"1":1,"2":1},"b":{},"f":{},"fnMap":{},"statementMap":{"1":{"start":{"line":0,"column":0},"end":{"line":0,"column":0},"skip":true},"2":{"start":{"line":0,"column":0},"end":{"line":0,"column":0},"skip":true}},"branchMap":{},"l":{"0":1}},
"/Users/shiying/yeoman-test/yeoman-node/lib/index2.js":{"path":"/Users/shiying/yeoman-test/yeoman-node/lib/index2.js","s":{"1":0,"2":0,"3":1,"4":0},"b":{},"f":{"1":0},"fnMap":{"1":{"name":"test","line":7,"loc":{"start":{"line":1,"column":0},"end":{"line":1,"column":16}}}},"statementMap":{"1":{"start":{"line":0,"column":0},"end":{"line":0,"column":0},"skip":true},"2":{"start":{"line":0,"column":0},"end":{"line":0,"column":0},"skip":true},"3":{"start":{"line":1,"column":0},"end":{"line":3,"column":1}},"4":{"start":{"line":2,"column":2},"end":{"line":2,"column":2}}},"branchMap":{},"l":{"0":1,"1":1,"2":0}}}
